Using pre-set license
Built from '2020.3/staging' branch; Version is '2020.3.32f1 (12f8b0834f07) revision 1243312'; Using compiler version '192528614'; Build Type 'Release'
OS: 'Windows 10  (10.0.18363) 64bit Professional' Language: 'ru' Physical Memory: 32725 MB
BatchMode: 1, IsHumanControllingUs: 0, StartBugReporterOnCrash: 0, Is64bit: 1, IsPro: 0

COMMAND LINE ARGUMENTS:
C:\Program Files\Unity\Hub\Editor\2020.3.32f1\Editor\Unity.exe
-adb2
-batchMode
-noUpm
-name
AssetImportWorker1
-projectPath
C:/Merge
-logFile
Logs/AssetImportWorker1.log
-srvPort
61149
Successfully changed project path to: C:/Merge
C:/Merge
Using Asset Import Pipeline V2.
Refreshing native plugins compatible for Editor in 81.98 ms, found 3 plugins.
Preloading 0 native plugins for Editor in 0.00 ms.
Initialize engine version: 2020.3.32f1 (12f8b0834f07)
[Subsystems] Discovering subsystems at path C:/Program Files/Unity/Hub/Editor/2020.3.32f1/Editor/Data/Resources/UnitySubsystems
[Subsystems] Discovering subsystems at path C:/Merge/Assets
GfxDevice: creating device client; threaded=0
Direct3D:
    Version:  Direct3D 11.0 [level 11.1]
    Renderer: NVIDIA GeForce GTX 960 (ID=0x1401)
    Vendor:   
    VRAM:     4053 MB
    Driver:   27.21.14.6089
Initialize mono
Mono path[0] = 'C:/Program Files/Unity/Hub/Editor/2020.3.32f1/Editor/Data/Managed'
Mono path[1] = 'C:/Program Files/Unity/Hub/Editor/2020.3.32f1/Editor/Data/MonoBleedingEdge/lib/mono/unityjit'
Mono config path = 'C:/Program Files/Unity/Hub/Editor/2020.3.32f1/Editor/Data/MonoBleedingEdge/etc'
Using monoOptions --debugger-agent=transport=dt_socket,embedding=1,server=y,suspend=n,address=127.0.0.1:56968
Begin MonoManager ReloadAssembly
Registering precompiled unity dll's ...
Register platform support module: C:/Program Files/Unity/Hub/Editor/2020.3.32f1/Editor/Data/PlaybackEngines/WebGLSupport/UnityEditor.WebGL.Extensions.dll
Register platform support module: C:/Program Files/Unity/Hub/Editor/2020.3.32f1/Editor/Data/PlaybackEngines/WindowsStandaloneSupport/UnityEditor.WindowsStandalone.Extensions.dll
Registered in 0.000944 seconds.
Native extension for WindowsStandalone target not found
Native extension for WebGL target not found
Refreshing native plugins compatible for Editor in 69.65 ms, found 3 plugins.
Preloading 0 native plugins for Editor in 0.00 ms.
Mono: successfully reloaded assembly
- Completed reload, in  1.130 seconds
Domain Reload Profiling:
	ReloadAssembly (1131ms)
		BeginReloadAssembly (78ms)
			ExecutionOrderSort (0ms)
			DisableScriptedObjects (0ms)
			BackupInstance (0ms)
			ReleaseScriptingObjects (0ms)
			CreateAndSetChildDomain (1ms)
		EndReloadAssembly (953ms)
			LoadAssemblies (77ms)
			RebuildTransferFunctionScriptingTraits (0ms)
			SetupTypeCache (214ms)
			ReleaseScriptCaches (0ms)
			RebuildScriptCaches (57ms)
			SetupLoadedEditorAssemblies (409ms)
				LogAssemblyErrors (0ms)
				InitializePlatformSupportModulesInManaged (11ms)
				SetLoadedEditorAssemblies (0ms)
				RefreshPlugins (70ms)
				BeforeProcessingInitializeOnLoad (26ms)
				ProcessInitializeOnLoadAttributes (119ms)
				ProcessInitializeOnLoadMethodAttributes (183ms)
				AfterProcessingInitializeOnLoad (0ms)
				EditorAssembliesLoaded (0ms)
			ExecutionOrderSort2 (0ms)
			AwakeInstancesAfterBackupRestoration (0ms)
Platform modules already initialized, skipping
Registering precompiled user dll's ...
Registered in 0.001594 seconds.
Begin MonoManager ReloadAssembly
Native extension for WindowsStandalone target not found
Native extension for WebGL target not found
Refreshing native plugins compatible for Editor in 184.72 ms, found 3 plugins.
Preloading 0 native plugins for Editor in 0.00 ms.
Mono: successfully reloaded assembly
- Completed reload, in  2.601 seconds
Domain Reload Profiling:
	ReloadAssembly (2602ms)
		BeginReloadAssembly (252ms)
			ExecutionOrderSort (0ms)
			DisableScriptedObjects (6ms)
			BackupInstance (0ms)
			ReleaseScriptingObjects (0ms)
			CreateAndSetChildDomain (32ms)
		EndReloadAssembly (2212ms)
			LoadAssemblies (164ms)
			RebuildTransferFunctionScriptingTraits (0ms)
			SetupTypeCache (563ms)
			ReleaseScriptCaches (1ms)
			RebuildScriptCaches (180ms)
			SetupLoadedEditorAssemblies (1100ms)
				LogAssemblyErrors (0ms)
				InitializePlatformSupportModulesInManaged (11ms)
				SetLoadedEditorAssemblies (14ms)
				RefreshPlugins (185ms)
				BeforeProcessingInitializeOnLoad (434ms)
				ProcessInitializeOnLoadAttributes (414ms)
				ProcessInitializeOnLoadMethodAttributes (36ms)
				AfterProcessingInitializeOnLoad (6ms)
				EditorAssembliesLoaded (0ms)
			ExecutionOrderSort2 (0ms)
			AwakeInstancesAfterBackupRestoration (7ms)
Platform modules already initialized, skipping
========================================================================
Worker process is ready to serve import requests
Launched and connected shader compiler UnityShaderCompiler.exe after 0.06 seconds
Refreshing native plugins compatible for Editor in 0.55 ms, found 3 plugins.
Preloading 0 native plugins for Editor in 0.00 ms.
Unloading 2206 Unused Serialized files (Serialized files now loaded: 0)
System memory in use before: 97.5 MB.
System memory in use after: 97.4 MB.

Unloading 31 unused Assets to reduce memory usage. Loaded Objects now: 2638.
Total: 2.939900 ms (FindLiveObjects: 0.163600 ms CreateObjectMapping: 0.100300 ms MarkObjects: 2.529800 ms  DeleteObjects: 0.145300 ms)

AssetImportParameters requested are different than current active one (requested -> active):
  custom:framework-win-MediaFoundation: 216162199b28c13a410421893ffa2e32 -> 
  custom:video-decoder-ogg-theora: a1e56fd34408186e4bbccfd4996cb3dc -> 
  custom:container-muxer-webm: aa71ff27fc2769a1b78a27578f13a17b -> 
  custom:container-demuxer-webm: 4f35f7cbe854078d1ac9338744f61a02 -> 
  custom:container-demuxer-ogg: 62fdf1f143b41e24485cea50d1cbac27 -> 
  custom:video-encoder-webm-vp8: eb34c28f22e8b96e1ab97ce403110664 -> 
  custom:video-decoder-webm-vp8: 9c59270c3fd7afecdb556c50c9e8de78 -> 
  custom:audio-decoder-ogg-vorbis: bf7c407c2cedff20999df2af8eb42d56 -> 
  custom:audio-encoder-webm-vorbis: bf7c407c2cedff20999df2af8eb42d56 -> 
========================================================================
Received Import Request.
  path: Assets/MergeBlock_2.prefab
  artifactKey: Guid(2684d3cc7d2dbfe4a934121697f094fc) Importer(815301076,1909f56bfc062723c751e8b465ee728b)
Start importing Assets/MergeBlock_2.prefab using Guid(2684d3cc7d2dbfe4a934121697f094fc) Importer(815301076,1909f56bfc062723c751e8b465ee728b)  -> (artifact id: '8d329945861add21b144177442c00ad6') in 0.131857 seconds 
========================================================================
Received Import Request.
  Time since last request: 0.000150 seconds.
  path: Assets/MergeBlock.prefab
  artifactKey: Guid(ea06177b7bc0b804a9cae5234c26a926) Importer(815301076,1909f56bfc062723c751e8b465ee728b)
Start importing Assets/MergeBlock.prefab using Guid(ea06177b7bc0b804a9cae5234c26a926) Importer(815301076,1909f56bfc062723c751e8b465ee728b)  -> (artifact id: 'ee8191647d1fb25d657a3f5fc76f0d66') in 0.015768 seconds 
========================================================================
Received Import Request.
  Time since last request: 0.005130 seconds.
  path: Assets/MergeBlock_3.prefab
  artifactKey: Guid(ea73e33d8af3b144798d56463d74bf0f) Importer(815301076,1909f56bfc062723c751e8b465ee728b)
Start importing Assets/MergeBlock_3.prefab using Guid(ea73e33d8af3b144798d56463d74bf0f) Importer(815301076,1909f56bfc062723c751e8b465ee728b)  -> (artifact id: 'ea89cff025f0fb3cb33d92f2fda97122') in 0.018362 seconds 
========================================================================
Received Import Request.
  Time since last request: 0.000160 seconds.
  path: Assets/Building .prefab
  artifactKey: Guid(2f366cd3785635047a2eecd6a1511496) Importer(815301076,1909f56bfc062723c751e8b465ee728b)
Start importing Assets/Building .prefab using Guid(2f366cd3785635047a2eecd6a1511496) Importer(815301076,1909f56bfc062723c751e8b465ee728b)  -> (artifact id: 'f896cd9b4607b5fea981e3a579260293') in 0.042398 seconds 
========================================================================
Received Prepare
Registering precompiled user dll's ...
Registered in 0.001784 seconds.
Begin MonoManager ReloadAssembly
Native extension for WindowsStandalone target not found
Native extension for WebGL target not found
Refreshing native plugins compatible for Editor in 0.84 ms, found 3 plugins.
Preloading 0 native plugins for Editor in 0.00 ms.
Mono: successfully reloaded assembly
- Completed reload, in  1.592 seconds
Domain Reload Profiling:
	ReloadAssembly (1593ms)
		BeginReloadAssembly (174ms)
			ExecutionOrderSort (0ms)
			DisableScriptedObjects (16ms)
			BackupInstance (0ms)
			ReleaseScriptingObjects (0ms)
			CreateAndSetChildDomain (59ms)
		EndReloadAssembly (1330ms)
			LoadAssemblies (131ms)
			RebuildTransferFunctionScriptingTraits (0ms)
			SetupTypeCache (516ms)
			ReleaseScriptCaches (1ms)
			RebuildScriptCaches (81ms)
			SetupLoadedEditorAssemblies (429ms)
				LogAssemblyErrors (0ms)
				InitializePlatformSupportModulesInManaged (8ms)
				SetLoadedEditorAssemblies (1ms)
				RefreshPlugins (1ms)
				BeforeProcessingInitializeOnLoad (107ms)
				ProcessInitializeOnLoadAttributes (293ms)
				ProcessInitializeOnLoadMethodAttributes (16ms)
				AfterProcessingInitializeOnLoad (2ms)
				EditorAssembliesLoaded (0ms)
			ExecutionOrderSort2 (0ms)
			AwakeInstancesAfterBackupRestoration (10ms)
Platform modules already initialized, skipping
Refreshing native plugins compatible for Editor in 0.52 ms, found 3 plugins.
Preloading 0 native plugins for Editor in 0.00 ms.
Unloading 2201 Unused Serialized files (Serialized files now loaded: 0)
System memory in use before: 100.4 MB.
System memory in use after: 100.4 MB.

Unloading 20 unused Assets to reduce memory usage. Loaded Objects now: 2648.
Total: 3.529800 ms (FindLiveObjects: 0.187400 ms CreateObjectMapping: 0.119300 ms MarkObjects: 3.078800 ms  DeleteObjects: 0.143400 ms)

AssetImportParameters requested are different than current active one (requested -> active):
  custom:framework-win-MediaFoundation: 216162199b28c13a410421893ffa2e32 -> 
  custom:video-decoder-ogg-theora: a1e56fd34408186e4bbccfd4996cb3dc -> 
  custom:container-muxer-webm: aa71ff27fc2769a1b78a27578f13a17b -> 
  custom:container-demuxer-webm: 4f35f7cbe854078d1ac9338744f61a02 -> 
  custom:container-demuxer-ogg: 62fdf1f143b41e24485cea50d1cbac27 -> 
  custom:video-encoder-webm-vp8: eb34c28f22e8b96e1ab97ce403110664 -> 
  custom:video-decoder-webm-vp8: 9c59270c3fd7afecdb556c50c9e8de78 -> 
  custom:audio-decoder-ogg-vorbis: bf7c407c2cedff20999df2af8eb42d56 -> 
  custom:audio-encoder-webm-vorbis: bf7c407c2cedff20999df2af8eb42d56 -> 
========================================================================
Received Import Request.
  Time since last request: 23.535671 seconds.
  path: Assets/Building .prefab
  artifactKey: Guid(2f366cd3785635047a2eecd6a1511496) Importer(815301076,1909f56bfc062723c751e8b465ee728b)
Start importing Assets/Building .prefab using Guid(2f366cd3785635047a2eecd6a1511496) Importer(815301076,1909f56bfc062723c751e8b465ee728b)  -> (artifact id: 'b2427b6271c0364086bd1c1e3ebd47e2') in 0.214690 seconds 
========================================================================
Received Prepare
Registering precompiled user dll's ...
Registered in 0.001811 seconds.
Begin MonoManager ReloadAssembly
Native extension for WindowsStandalone target not found
Native extension for WebGL target not found
Refreshing native plugins compatible for Editor in 0.46 ms, found 3 plugins.
Preloading 0 native plugins for Editor in 0.00 ms.
Mono: successfully reloaded assembly
- Completed reload, in  1.568 seconds
Domain Reload Profiling:
	ReloadAssembly (1569ms)
		BeginReloadAssembly (160ms)
			ExecutionOrderSort (0ms)
			DisableScriptedObjects (6ms)
			BackupInstance (0ms)
			ReleaseScriptingObjects (0ms)
			CreateAndSetChildDomain (62ms)
		EndReloadAssembly (1328ms)
			LoadAssemblies (188ms)
			RebuildTransferFunctionScriptingTraits (0ms)
			SetupTypeCache (510ms)
			ReleaseScriptCaches (1ms)
			RebuildScriptCaches (70ms)
			SetupLoadedEditorAssemblies (423ms)
				LogAssemblyErrors (0ms)
				InitializePlatformSupportModulesInManaged (9ms)
				SetLoadedEditorAssemblies (0ms)
				RefreshPlugins (1ms)
				BeforeProcessingInitializeOnLoad (107ms)
				ProcessInitializeOnLoadAttributes (284ms)
				ProcessInitializeOnLoadMethodAttributes (17ms)
				AfterProcessingInitializeOnLoad (5ms)
				EditorAssembliesLoaded (0ms)
			ExecutionOrderSort2 (0ms)
			AwakeInstancesAfterBackupRestoration (10ms)
Platform modules already initialized, skipping
Refreshing native plugins compatible for Editor in 0.46 ms, found 3 plugins.
Preloading 0 native plugins for Editor in 0.00 ms.
Unloading 2201 Unused Serialized files (Serialized files now loaded: 0)
System memory in use before: 100.4 MB.
System memory in use after: 100.4 MB.

Unloading 20 unused Assets to reduce memory usage. Loaded Objects now: 2652.
Total: 2.803800 ms (FindLiveObjects: 0.160700 ms CreateObjectMapping: 0.102000 ms MarkObjects: 2.426800 ms  DeleteObjects: 0.113500 ms)

AssetImportParameters requested are different than current active one (requested -> active):
  custom:framework-win-MediaFoundation: 216162199b28c13a410421893ffa2e32 -> 
  custom:video-decoder-ogg-theora: a1e56fd34408186e4bbccfd4996cb3dc -> 
  custom:container-muxer-webm: aa71ff27fc2769a1b78a27578f13a17b -> 
  custom:container-demuxer-webm: 4f35f7cbe854078d1ac9338744f61a02 -> 
  custom:container-demuxer-ogg: 62fdf1f143b41e24485cea50d1cbac27 -> 
  custom:video-encoder-webm-vp8: eb34c28f22e8b96e1ab97ce403110664 -> 
  custom:video-decoder-webm-vp8: 9c59270c3fd7afecdb556c50c9e8de78 -> 
  custom:audio-decoder-ogg-vorbis: bf7c407c2cedff20999df2af8eb42d56 -> 
  custom:audio-encoder-webm-vorbis: bf7c407c2cedff20999df2af8eb42d56 -> 
========================================================================
Received Import Request.
  Time since last request: 39.729068 seconds.
  path: Assets/Building .prefab
  artifactKey: Guid(2f366cd3785635047a2eecd6a1511496) Importer(815301076,1909f56bfc062723c751e8b465ee728b)
Start importing Assets/Building .prefab using Guid(2f366cd3785635047a2eecd6a1511496) Importer(815301076,1909f56bfc062723c751e8b465ee728b)  -> (artifact id: 'b527c48b347486f68433f1571e19c9fd') in 0.085906 seconds 
========================================================================
Received Import Request.
  Time since last request: 36.604267 seconds.
  path: Assets/GridData.cs
  artifactKey: Guid(9ccebeac2d8bcef43889a0675522aa0a) Importer(815301076,1909f56bfc062723c751e8b465ee728b)
Start importing Assets/GridData.cs using Guid(9ccebeac2d8bcef43889a0675522aa0a) Importer(815301076,1909f56bfc062723c751e8b465ee728b)  -> (artifact id: 'abf4c473780c20e86b9ba21251c2a82b') in 0.004013 seconds 
========================================================================
Received Prepare
Registering precompiled user dll's ...
Registered in 0.001468 seconds.
Begin MonoManager ReloadAssembly
Native extension for WindowsStandalone target not found
Native extension for WebGL target not found
Refreshing native plugins compatible for Editor in 0.47 ms, found 3 plugins.
Preloading 0 native plugins for Editor in 0.00 ms.
Mono: successfully reloaded assembly
- Completed reload, in  1.464 seconds
Domain Reload Profiling:
	ReloadAssembly (1465ms)
		BeginReloadAssembly (189ms)
			ExecutionOrderSort (0ms)
			DisableScriptedObjects (7ms)
			BackupInstance (0ms)
			ReleaseScriptingObjects (0ms)
			CreateAndSetChildDomain (61ms)
		EndReloadAssembly (1183ms)
			LoadAssemblies (150ms)
			RebuildTransferFunctionScriptingTraits (0ms)
			SetupTypeCache (411ms)
			ReleaseScriptCaches (1ms)
			RebuildScriptCaches (75ms)
			SetupLoadedEditorAssemblies (424ms)
				LogAssemblyErrors (0ms)
				InitializePlatformSupportModulesInManaged (6ms)
				SetLoadedEditorAssemblies (1ms)
				RefreshPlugins (1ms)
				BeforeProcessingInitializeOnLoad (110ms)
				ProcessInitializeOnLoadAttributes (287ms)
				ProcessInitializeOnLoadMethodAttributes (18ms)
				AfterProcessingInitializeOnLoad (2ms)
				EditorAssembliesLoaded (0ms)
			ExecutionOrderSort2 (0ms)
			AwakeInstancesAfterBackupRestoration (13ms)
Platform modules already initialized, skipping
Refreshing native plugins compatible for Editor in 0.46 ms, found 3 plugins.
Preloading 0 native plugins for Editor in 0.00 ms.
Unloading 2201 Unused Serialized files (Serialized files now loaded: 0)
System memory in use before: 100.5 MB.
System memory in use after: 100.4 MB.

Unloading 20 unused Assets to reduce memory usage. Loaded Objects now: 2656.
Total: 3.049500 ms (FindLiveObjects: 0.259100 ms CreateObjectMapping: 0.093600 ms MarkObjects: 2.553200 ms  DeleteObjects: 0.142800 ms)

AssetImportParameters requested are different than current active one (requested -> active):
  custom:framework-win-MediaFoundation: 216162199b28c13a410421893ffa2e32 -> 
  custom:video-decoder-ogg-theora: a1e56fd34408186e4bbccfd4996cb3dc -> 
  custom:container-muxer-webm: aa71ff27fc2769a1b78a27578f13a17b -> 
  custom:container-demuxer-webm: 4f35f7cbe854078d1ac9338744f61a02 -> 
  custom:container-demuxer-ogg: 62fdf1f143b41e24485cea50d1cbac27 -> 
  custom:video-encoder-webm-vp8: eb34c28f22e8b96e1ab97ce403110664 -> 
  custom:video-decoder-webm-vp8: 9c59270c3fd7afecdb556c50c9e8de78 -> 
  custom:audio-decoder-ogg-vorbis: bf7c407c2cedff20999df2af8eb42d56 -> 
  custom:audio-encoder-webm-vorbis: bf7c407c2cedff20999df2af8eb42d56 -> 
========================================================================
Received Import Request.
  Time since last request: 18.662717 seconds.
  path: Assets/GridData.cs
  artifactKey: Guid(9ccebeac2d8bcef43889a0675522aa0a) Importer(815301076,1909f56bfc062723c751e8b465ee728b)
Start importing Assets/GridData.cs using Guid(9ccebeac2d8bcef43889a0675522aa0a) Importer(815301076,1909f56bfc062723c751e8b465ee728b)  -> (artifact id: 'c8ae576dcf3286bdaec1f99cff251729') in 0.004198 seconds 
========================================================================
Received Import Request.
  Time since last request: 51.661148 seconds.
  path: Assets/GridData.cs
  artifactKey: Guid(9ccebeac2d8bcef43889a0675522aa0a) Importer(815301076,1909f56bfc062723c751e8b465ee728b)
Start importing Assets/GridData.cs using Guid(9ccebeac2d8bcef43889a0675522aa0a) Importer(815301076,1909f56bfc062723c751e8b465ee728b)  -> (artifact id: '9a7a1ab58290b0e3c0de0692500a82e5') in 0.001158 seconds 
========================================================================
Received Prepare
Registering precompiled user dll's ...
Registered in 0.001525 seconds.
Begin MonoManager ReloadAssembly
Native extension for WindowsStandalone target not found
Native extension for WebGL target not found
Refreshing native plugins compatible for Editor in 0.47 ms, found 3 plugins.
Preloading 0 native plugins for Editor in 0.00 ms.
Mono: successfully reloaded assembly
- Completed reload, in  1.416 seconds
Domain Reload Profiling:
	ReloadAssembly (1425ms)
		BeginReloadAssembly (159ms)
			ExecutionOrderSort (0ms)
			DisableScriptedObjects (7ms)
			BackupInstance (0ms)
			ReleaseScriptingObjects (0ms)
			CreateAndSetChildDomain (54ms)
		EndReloadAssembly (1186ms)
			LoadAssemblies (138ms)
			RebuildTransferFunctionScriptingTraits (0ms)
			SetupTypeCache (382ms)
			ReleaseScriptCaches (1ms)
			RebuildScriptCaches (76ms)
			SetupLoadedEditorAssemblies (427ms)
				LogAssemblyErrors (0ms)
				InitializePlatformSupportModulesInManaged (8ms)
				SetLoadedEditorAssemblies (1ms)
				RefreshPlugins (1ms)
				BeforeProcessingInitializeOnLoad (105ms)
				ProcessInitializeOnLoadAttributes (295ms)
				ProcessInitializeOnLoadMethodAttributes (16ms)
				AfterProcessingInitializeOnLoad (2ms)
				EditorAssembliesLoaded (0ms)
			ExecutionOrderSort2 (0ms)
			AwakeInstancesAfterBackupRestoration (12ms)
Platform modules already initialized, skipping
Refreshing native plugins compatible for Editor in 0.46 ms, found 3 plugins.
Preloading 0 native plugins for Editor in 0.00 ms.
Unloading 2201 Unused Serialized files (Serialized files now loaded: 0)
System memory in use before: 100.4 MB.
System memory in use after: 100.4 MB.

Unloading 20 unused Assets to reduce memory usage. Loaded Objects now: 2659.
Total: 25.957100 ms (FindLiveObjects: 0.233400 ms CreateObjectMapping: 15.447500 ms MarkObjects: 10.135100 ms  DeleteObjects: 0.139200 ms)

AssetImportParameters requested are different than current active one (requested -> active):
  custom:framework-win-MediaFoundation: 216162199b28c13a410421893ffa2e32 -> 
  custom:video-decoder-ogg-theora: a1e56fd34408186e4bbccfd4996cb3dc -> 
  custom:container-muxer-webm: aa71ff27fc2769a1b78a27578f13a17b -> 
  custom:container-demuxer-webm: 4f35f7cbe854078d1ac9338744f61a02 -> 
  custom:container-demuxer-ogg: 62fdf1f143b41e24485cea50d1cbac27 -> 
  custom:video-encoder-webm-vp8: eb34c28f22e8b96e1ab97ce403110664 -> 
  custom:video-decoder-webm-vp8: 9c59270c3fd7afecdb556c50c9e8de78 -> 
  custom:audio-decoder-ogg-vorbis: bf7c407c2cedff20999df2af8eb42d56 -> 
  custom:audio-encoder-webm-vorbis: bf7c407c2cedff20999df2af8eb42d56 -> 
========================================================================
Received Import Request.
  Time since last request: 32.729011 seconds.
  path: Assets/Circle.prefab
  artifactKey: Guid(885b2075620f7284db6d03324fd18962) Importer(815301076,1909f56bfc062723c751e8b465ee728b)
Start importing Assets/Circle.prefab using Guid(885b2075620f7284db6d03324fd18962) Importer(815301076,1909f56bfc062723c751e8b465ee728b)  -> (artifact id: 'f720f478b361a0b2e685fc254c0ed0e9') in 0.031952 seconds 
========================================================================
Received Import Request.
  Time since last request: 14.000912 seconds.
  path: Assets/PlaceBuildingsOnGrid.cs
  artifactKey: Guid(07094a79a21c34c4798431bea097fa76) Importer(815301076,1909f56bfc062723c751e8b465ee728b)
Start importing Assets/PlaceBuildingsOnGrid.cs using Guid(07094a79a21c34c4798431bea097fa76) Importer(815301076,1909f56bfc062723c751e8b465ee728b)  -> (artifact id: '4d19019200ed0c28d6bf96d98860dcbe') in 0.013315 seconds 
========================================================================
Received Prepare
Registering precompiled user dll's ...
Registered in 0.001522 seconds.
Begin MonoManager ReloadAssembly
Native extension for WindowsStandalone target not found
Native extension for WebGL target not found
Refreshing native plugins compatible for Editor in 3.97 ms, found 3 plugins.
Preloading 0 native plugins for Editor in 0.00 ms.
Mono: successfully reloaded assembly
- Completed reload, in  1.866 seconds
Domain Reload Profiling:
	ReloadAssembly (1866ms)
		BeginReloadAssembly (173ms)
			ExecutionOrderSort (0ms)
			DisableScriptedObjects (7ms)
			BackupInstance (0ms)
			ReleaseScriptingObjects (0ms)
			CreateAndSetChildDomain (52ms)
		EndReloadAssembly (1548ms)
			LoadAssemblies (157ms)
			RebuildTransferFunctionScriptingTraits (0ms)
			SetupTypeCache (563ms)
			ReleaseScriptCaches (2ms)
			RebuildScriptCaches (93ms)
			SetupLoadedEditorAssemblies (561ms)
				LogAssemblyErrors (0ms)
				InitializePlatformSupportModulesInManaged (6ms)
				SetLoadedEditorAssemblies (1ms)
				RefreshPlugins (4ms)
				BeforeProcessingInitializeOnLoad (150ms)
				ProcessInitializeOnLoadAttributes (375ms)
				ProcessInitializeOnLoadMethodAttributes (20ms)
				AfterProcessingInitializeOnLoad (5ms)
				EditorAssembliesLoaded (0ms)
			ExecutionOrderSort2 (0ms)
			AwakeInstancesAfterBackupRestoration (10ms)
Platform modules already initialized, skipping
Refreshing native plugins compatible for Editor in 0.47 ms, found 3 plugins.
Preloading 0 native plugins for Editor in 0.00 ms.
Unloading 2202 Unused Serialized files (Serialized files now loaded: 0)
System memory in use before: 100.5 MB.
System memory in use after: 100.4 MB.

Unloading 20 unused Assets to reduce memory usage. Loaded Objects now: 2663.
Total: 2.949100 ms (FindLiveObjects: 0.181900 ms CreateObjectMapping: 0.104100 ms MarkObjects: 2.521100 ms  DeleteObjects: 0.140800 ms)

AssetImportParameters requested are different than current active one (requested -> active):
  custom:framework-win-MediaFoundation: 216162199b28c13a410421893ffa2e32 -> 
  custom:video-decoder-ogg-theora: a1e56fd34408186e4bbccfd4996cb3dc -> 
  custom:container-muxer-webm: aa71ff27fc2769a1b78a27578f13a17b -> 
  custom:container-demuxer-webm: 4f35f7cbe854078d1ac9338744f61a02 -> 
  custom:container-demuxer-ogg: 62fdf1f143b41e24485cea50d1cbac27 -> 
  custom:video-encoder-webm-vp8: eb34c28f22e8b96e1ab97ce403110664 -> 
  custom:video-decoder-webm-vp8: 9c59270c3fd7afecdb556c50c9e8de78 -> 
  custom:audio-decoder-ogg-vorbis: bf7c407c2cedff20999df2af8eb42d56 -> 
  custom:audio-encoder-webm-vorbis: bf7c407c2cedff20999df2af8eb42d56 -> 
========================================================================
Received Import Request.
  Time since last request: 12.234301 seconds.
  path: Assets/PlaceBuildingsOnGrid.cs
  artifactKey: Guid(07094a79a21c34c4798431bea097fa76) Importer(815301076,1909f56bfc062723c751e8b465ee728b)
Start importing Assets/PlaceBuildingsOnGrid.cs using Guid(07094a79a21c34c4798431bea097fa76) Importer(815301076,1909f56bfc062723c751e8b465ee728b)  -> (artifact id: '30ca840d21a238659e4e15ebc480dfc1') in 0.013257 seconds 
========================================================================
Received Import Request.
  Time since last request: 49.154646 seconds.
  path: Assets/PlaceBuildingsOnGrid.cs
  artifactKey: Guid(07094a79a21c34c4798431bea097fa76) Importer(815301076,1909f56bfc062723c751e8b465ee728b)
Start importing Assets/PlaceBuildingsOnGrid.cs using Guid(07094a79a21c34c4798431bea097fa76) Importer(815301076,1909f56bfc062723c751e8b465ee728b)  -> (artifact id: 'd18758ae37bb1883b759757a7a6e77f2') in 0.001559 seconds 
========================================================================
Received Import Request.
  Time since last request: 18.042621 seconds.
  path: Assets/PlaceBuildingsOnGrid.cs
  artifactKey: Guid(07094a79a21c34c4798431bea097fa76) Importer(815301076,1909f56bfc062723c751e8b465ee728b)
Start importing Assets/PlaceBuildingsOnGrid.cs using Guid(07094a79a21c34c4798431bea097fa76) Importer(815301076,1909f56bfc062723c751e8b465ee728b)  -> (artifact id: 'a07e8b893625a4329ddae2c69921d212') in 0.001869 seconds 
========================================================================
Received Import Request.
  Time since last request: 135.897875 seconds.
  path: Assets/PlaceBuildingsOnGrid.cs
  artifactKey: Guid(07094a79a21c34c4798431bea097fa76) Importer(815301076,1909f56bfc062723c751e8b465ee728b)
Start importing Assets/PlaceBuildingsOnGrid.cs using Guid(07094a79a21c34c4798431bea097fa76) Importer(815301076,1909f56bfc062723c751e8b465ee728b)  -> (artifact id: 'f05c12525594266d376c20339a51a8a1') in 0.010194 seconds 
========================================================================
Received Prepare
Registering precompiled user dll's ...
Registered in 0.001512 seconds.
Begin MonoManager ReloadAssembly
Native extension for WindowsStandalone target not found
Native extension for WebGL target not found
Refreshing native plugins compatible for Editor in 0.81 ms, found 3 plugins.
Preloading 0 native plugins for Editor in 0.00 ms.
Mono: successfully reloaded assembly
- Completed reload, in  1.826 seconds
Domain Reload Profiling:
	ReloadAssembly (1826ms)
		BeginReloadAssembly (189ms)
			ExecutionOrderSort (0ms)
			DisableScriptedObjects (13ms)
			BackupInstance (0ms)
			ReleaseScriptingObjects (0ms)
			CreateAndSetChildDomain (70ms)
		EndReloadAssembly (1560ms)
			LoadAssemblies (134ms)
			RebuildTransferFunctionScriptingTraits (0ms)
			SetupTypeCache (429ms)
			ReleaseScriptCaches (1ms)
			RebuildScriptCaches (155ms)
			SetupLoadedEditorAssemblies (528ms)
				LogAssemblyErrors (0ms)
				InitializePlatformSupportModulesInManaged (16ms)
				SetLoadedEditorAssemblies (1ms)
				RefreshPlugins (1ms)
				BeforeProcessingInitializeOnLoad (143ms)
				ProcessInitializeOnLoadAttributes (337ms)
				ProcessInitializeOnLoadMethodAttributes (23ms)
				AfterProcessingInitializeOnLoad (7ms)
				EditorAssembliesLoaded (0ms)
			ExecutionOrderSort2 (0ms)
			AwakeInstancesAfterBackupRestoration (10ms)
Platform modules already initialized, skipping
Refreshing native plugins compatible for Editor in 0.48 ms, found 3 plugins.
Preloading 0 native plugins for Editor in 0.00 ms.
Unloading 2202 Unused Serialized files (Serialized files now loaded: 0)
System memory in use before: 100.5 MB.
System memory in use after: 100.4 MB.

Unloading 20 unused Assets to reduce memory usage. Loaded Objects now: 2666.
Total: 3.293900 ms (FindLiveObjects: 0.167800 ms CreateObjectMapping: 0.097100 ms MarkObjects: 2.904500 ms  DeleteObjects: 0.123400 ms)

AssetImportParameters requested are different than current active one (requested -> active):
  custom:framework-win-MediaFoundation: 216162199b28c13a410421893ffa2e32 -> 
  custom:video-decoder-ogg-theora: a1e56fd34408186e4bbccfd4996cb3dc -> 
  custom:container-muxer-webm: aa71ff27fc2769a1b78a27578f13a17b -> 
  custom:container-demuxer-webm: 4f35f7cbe854078d1ac9338744f61a02 -> 
  custom:container-demuxer-ogg: 62fdf1f143b41e24485cea50d1cbac27 -> 
  custom:video-encoder-webm-vp8: eb34c28f22e8b96e1ab97ce403110664 -> 
  custom:video-decoder-webm-vp8: 9c59270c3fd7afecdb556c50c9e8de78 -> 
  custom:audio-decoder-ogg-vorbis: bf7c407c2cedff20999df2af8eb42d56 -> 
  custom:audio-encoder-webm-vorbis: bf7c407c2cedff20999df2af8eb42d56 -> 
========================================================================
Received Import Request.
  Time since last request: 179.296948 seconds.
  path: Assets/MergeBlock_2.prefab
  artifactKey: Guid(2684d3cc7d2dbfe4a934121697f094fc) Importer(815301076,1909f56bfc062723c751e8b465ee728b)
Start importing Assets/MergeBlock_2.prefab using Guid(2684d3cc7d2dbfe4a934121697f094fc) Importer(815301076,1909f56bfc062723c751e8b465ee728b)  -> (artifact id: 'c8f424f422344fe57f1f152a686b7517') in 0.093585 seconds 
========================================================================
Received Import Request.
  Time since last request: 0.000158 seconds.
  path: Assets/MergeBlock.prefab
  artifactKey: Guid(ea06177b7bc0b804a9cae5234c26a926) Importer(815301076,1909f56bfc062723c751e8b465ee728b)
Start importing Assets/MergeBlock.prefab using Guid(ea06177b7bc0b804a9cae5234c26a926) Importer(815301076,1909f56bfc062723c751e8b465ee728b)  -> (artifact id: 'fe9d80aa15100713a0fab919843696c9') in 0.017150 seconds 
========================================================================
Received Import Request.
  Time since last request: 0.000175 seconds.
  path: Assets/MergeBlock_3.prefab
  artifactKey: Guid(ea73e33d8af3b144798d56463d74bf0f) Importer(815301076,1909f56bfc062723c751e8b465ee728b)
Start importing Assets/MergeBlock_3.prefab using Guid(ea73e33d8af3b144798d56463d74bf0f) Importer(815301076,1909f56bfc062723c751e8b465ee728b)  -> (artifact id: '71f9e2b6407322e93ab5a8b81769618b') in 0.014684 seconds 
========================================================================
Received Import Request.
  Time since last request: 0.000166 seconds.
  path: Assets/Building .prefab
  artifactKey: Guid(2f366cd3785635047a2eecd6a1511496) Importer(815301076,1909f56bfc062723c751e8b465ee728b)
Start importing Assets/Building .prefab using Guid(2f366cd3785635047a2eecd6a1511496) Importer(815301076,1909f56bfc062723c751e8b465ee728b)  -> (artifact id: '5c1768afa4e7b720ed43f3d8719e4c30') in 0.023468 seconds 
========================================================================
Received Import Request.
  Time since last request: 59.018611 seconds.
  path: Assets/Building .prefab
  artifactKey: Guid(2f366cd3785635047a2eecd6a1511496) Importer(815301076,1909f56bfc062723c751e8b465ee728b)
Start importing Assets/Building .prefab using Guid(2f366cd3785635047a2eecd6a1511496) Importer(815301076,1909f56bfc062723c751e8b465ee728b)  -> (artifact id: '2343ab45f3d858ec76030c1cac4fa5d3') in 0.026804 seconds 
========================================================================
Received Import Request.
  Time since last request: 30.422097 seconds.
  path: Assets/Building .prefab
  artifactKey: Guid(2f366cd3785635047a2eecd6a1511496) Importer(815301076,1909f56bfc062723c751e8b465ee728b)
Start importing Assets/Building .prefab using Guid(2f366cd3785635047a2eecd6a1511496) Importer(815301076,1909f56bfc062723c751e8b465ee728b)  -> (artifact id: 'c9ec121ed7ba3294a5bd583731913f85') in 0.017475 seconds 
========================================================================
Received Import Request.
  Time since last request: 8.684626 seconds.
  path: Assets/Building .prefab
  artifactKey: Guid(2f366cd3785635047a2eecd6a1511496) Importer(815301076,1909f56bfc062723c751e8b465ee728b)
Start importing Assets/Building .prefab using Guid(2f366cd3785635047a2eecd6a1511496) Importer(815301076,1909f56bfc062723c751e8b465ee728b)  -> (artifact id: '13fe4ae39cd92538aa455a1d6e051578') in 0.020074 seconds 
========================================================================
Received Import Request.
  Time since last request: 2.607386 seconds.
  path: Assets/Building .prefab
  artifactKey: Guid(2f366cd3785635047a2eecd6a1511496) Importer(815301076,1909f56bfc062723c751e8b465ee728b)
Start importing Assets/Building .prefab using Guid(2f366cd3785635047a2eecd6a1511496) Importer(815301076,1909f56bfc062723c751e8b465ee728b)  -> (artifact id: '7c620a6939c1b42106079bc1695c0393') in 0.017948 seconds 
========================================================================
Received Import Request.
  Time since last request: 1.583077 seconds.
  path: Assets/Building .prefab
  artifactKey: Guid(2f366cd3785635047a2eecd6a1511496) Importer(815301076,1909f56bfc062723c751e8b465ee728b)
Start importing Assets/Building .prefab using Guid(2f366cd3785635047a2eecd6a1511496) Importer(815301076,1909f56bfc062723c751e8b465ee728b)  -> (artifact id: '310742b395d4b0f8601416f6e090ef59') in 0.018352 seconds 
========================================================================
Received Import Request.
  Time since last request: 4.057443 seconds.
  path: Assets/Building .prefab
  artifactKey: Guid(2f366cd3785635047a2eecd6a1511496) Importer(815301076,1909f56bfc062723c751e8b465ee728b)
Start importing Assets/Building .prefab using Guid(2f366cd3785635047a2eecd6a1511496) Importer(815301076,1909f56bfc062723c751e8b465ee728b)  -> (artifact id: 'f72fac04980d4e415eba29cf59798bff') in 0.024765 seconds 
========================================================================
Received Import Request.
  Time since last request: 1.148713 seconds.
  path: Assets/Building .prefab
  artifactKey: Guid(2f366cd3785635047a2eecd6a1511496) Importer(815301076,1909f56bfc062723c751e8b465ee728b)
Start importing Assets/Building .prefab using Guid(2f366cd3785635047a2eecd6a1511496) Importer(815301076,1909f56bfc062723c751e8b465ee728b)  -> (artifact id: '7d0a1734198f5f6634008280fc640a97') in 0.021951 seconds 
========================================================================
Received Import Request.
  Time since last request: 7.754530 seconds.
  path: Assets/Building .prefab
  artifactKey: Guid(2f366cd3785635047a2eecd6a1511496) Importer(815301076,1909f56bfc062723c751e8b465ee728b)
Start importing Assets/Building .prefab using Guid(2f366cd3785635047a2eecd6a1511496) Importer(815301076,1909f56bfc062723c751e8b465ee728b)  -> (artifact id: '1b4867fc7fe4f8b731e73f9cb9ab3b50') in 0.035921 seconds 
========================================================================
Received Import Request.
  Time since last request: 13.160076 seconds.
  path: Assets/Building .prefab
  artifactKey: Guid(2f366cd3785635047a2eecd6a1511496) Importer(815301076,1909f56bfc062723c751e8b465ee728b)
Start importing Assets/Building .prefab using Guid(2f366cd3785635047a2eecd6a1511496) Importer(815301076,1909f56bfc062723c751e8b465ee728b)  -> (artifact id: '5883d7e20749fdbe7ce55a51ed25e20f') in 0.018993 seconds 
========================================================================
Received Import Request.
  Time since last request: 1.957473 seconds.
  path: Assets/Building .prefab
  artifactKey: Guid(2f366cd3785635047a2eecd6a1511496) Importer(815301076,1909f56bfc062723c751e8b465ee728b)
Start importing Assets/Building .prefab using Guid(2f366cd3785635047a2eecd6a1511496) Importer(815301076,1909f56bfc062723c751e8b465ee728b)  -> (artifact id: 'd6219b7dc9c9f2bd22350415f95cfe09') in 0.021400 seconds 
========================================================================
Received Import Request.
  Time since last request: 2.792093 seconds.
  path: Assets/Building .prefab
  artifactKey: Guid(2f366cd3785635047a2eecd6a1511496) Importer(815301076,1909f56bfc062723c751e8b465ee728b)
Start importing Assets/Building .prefab using Guid(2f366cd3785635047a2eecd6a1511496) Importer(815301076,1909f56bfc062723c751e8b465ee728b)  -> (artifact id: '9e40619583d675e8ee6510569ed19c5b') in 0.064265 seconds 
========================================================================
Received Import Request.
  Time since last request: 2.152090 seconds.
  path: Assets/Building .prefab
  artifactKey: Guid(2f366cd3785635047a2eecd6a1511496) Importer(815301076,1909f56bfc062723c751e8b465ee728b)
Start importing Assets/Building .prefab using Guid(2f366cd3785635047a2eecd6a1511496) Importer(815301076,1909f56bfc062723c751e8b465ee728b)  -> (artifact id: '3e4ecea04193bbd3a5fefcb95c70ec5a') in 0.027147 seconds 
========================================================================
Received Import Request.
  Time since last request: 64.438201 seconds.
  path: Assets/BuildingData.cs
  artifactKey: Guid(70fe41935f758bd43b127c228026e0d4) Importer(815301076,1909f56bfc062723c751e8b465ee728b)
Start importing Assets/BuildingData.cs using Guid(70fe41935f758bd43b127c228026e0d4) Importer(815301076,1909f56bfc062723c751e8b465ee728b)  -> (artifact id: 'a896fe43a6702e36db903c26162ff21f') in 0.007728 seconds 
========================================================================
Received Prepare
Registering precompiled user dll's ...
Registered in 0.001509 seconds.
Begin MonoManager ReloadAssembly
Native extension for WindowsStandalone target not found
Native extension for WebGL target not found
Refreshing native plugins compatible for Editor in 0.47 ms, found 3 plugins.
Preloading 0 native plugins for Editor in 0.00 ms.
Mono: successfully reloaded assembly
- Completed reload, in  1.611 seconds
Domain Reload Profiling:
	ReloadAssembly (1612ms)
		BeginReloadAssembly (268ms)
			ExecutionOrderSort (0ms)
			DisableScriptedObjects (47ms)
			BackupInstance (0ms)
			ReleaseScriptingObjects (0ms)
			CreateAndSetChildDomain (98ms)
		EndReloadAssembly (1252ms)
			LoadAssemblies (131ms)
			RebuildTransferFunctionScriptingTraits (0ms)
			SetupTypeCache (428ms)
			ReleaseScriptCaches (1ms)
			RebuildScriptCaches (101ms)
			SetupLoadedEditorAssemblies (462ms)
				LogAssemblyErrors (0ms)
				InitializePlatformSupportModulesInManaged (6ms)
				SetLoadedEditorAssemblies (1ms)
				RefreshPlugins (1ms)
				BeforeProcessingInitializeOnLoad (112ms)
				ProcessInitializeOnLoadAttributes (311ms)
				ProcessInitializeOnLoadMethodAttributes (31ms)
				AfterProcessingInitializeOnLoad (2ms)
				EditorAssembliesLoaded (0ms)
			ExecutionOrderSort2 (0ms)
			AwakeInstancesAfterBackupRestoration (14ms)
Platform modules already initialized, skipping
Refreshing native plugins compatible for Editor in 0.49 ms, found 3 plugins.
Preloading 0 native plugins for Editor in 0.00 ms.
Unloading 2203 Unused Serialized files (Serialized files now loaded: 0)
System memory in use before: 100.5 MB.
System memory in use after: 100.5 MB.

Unloading 20 unused Assets to reduce memory usage. Loaded Objects now: 2671.
Total: 2.967200 ms (FindLiveObjects: 0.209600 ms CreateObjectMapping: 0.101600 ms MarkObjects: 2.534400 ms  DeleteObjects: 0.120600 ms)

AssetImportParameters requested are different than current active one (requested -> active):
  custom:framework-win-MediaFoundation: 216162199b28c13a410421893ffa2e32 -> 
  custom:video-decoder-ogg-theora: a1e56fd34408186e4bbccfd4996cb3dc -> 
  custom:container-muxer-webm: aa71ff27fc2769a1b78a27578f13a17b -> 
  custom:container-demuxer-webm: 4f35f7cbe854078d1ac9338744f61a02 -> 
  custom:container-demuxer-ogg: 62fdf1f143b41e24485cea50d1cbac27 -> 
  custom:video-encoder-webm-vp8: eb34c28f22e8b96e1ab97ce403110664 -> 
  custom:video-decoder-webm-vp8: 9c59270c3fd7afecdb556c50c9e8de78 -> 
  custom:audio-decoder-ogg-vorbis: bf7c407c2cedff20999df2af8eb42d56 -> 
  custom:audio-encoder-webm-vorbis: bf7c407c2cedff20999df2af8eb42d56 -> 
========================================================================
Received Import Request.
  Time since last request: 43.572092 seconds.
  path: Assets/BuildingData.cs
  artifactKey: Guid(70fe41935f758bd43b127c228026e0d4) Importer(815301076,1909f56bfc062723c751e8b465ee728b)
Start importing Assets/BuildingData.cs using Guid(70fe41935f758bd43b127c228026e0d4) Importer(815301076,1909f56bfc062723c751e8b465ee728b)  -> (artifact id: '65e19f2a761f06c25faad00902adcb52') in 0.005795 seconds 
========================================================================
Received Import Request.
  Time since last request: 14.458435 seconds.
  path: Assets/BuildingData.cs
  artifactKey: Guid(70fe41935f758bd43b127c228026e0d4) Importer(815301076,1909f56bfc062723c751e8b465ee728b)
Start importing Assets/BuildingData.cs using Guid(70fe41935f758bd43b127c228026e0d4) Importer(815301076,1909f56bfc062723c751e8b465ee728b)  -> (artifact id: 'ffd062c39e1f5b7ab592beefac12fd88') in 0.001305 seconds 
========================================================================
Received Import Request.
  Time since last request: 34.262565 seconds.
  path: Assets/BuildingData.cs
  artifactKey: Guid(70fe41935f758bd43b127c228026e0d4) Importer(815301076,1909f56bfc062723c751e8b465ee728b)
Start importing Assets/BuildingData.cs using Guid(70fe41935f758bd43b127c228026e0d4) Importer(815301076,1909f56bfc062723c751e8b465ee728b)  -> (artifact id: 'ae268a0590d93631c5f2178f7d1afced') in 0.002844 seconds 
========================================================================
Received Prepare
Registering precompiled user dll's ...
Registered in 0.001554 seconds.
Begin MonoManager ReloadAssembly
Native extension for WindowsStandalone target not found
Native extension for WebGL target not found
Refreshing native plugins compatible for Editor in 0.46 ms, found 3 plugins.
Preloading 0 native plugins for Editor in 0.00 ms.
Mono: successfully reloaded assembly
- Completed reload, in  1.882 seconds
Domain Reload Profiling:
	ReloadAssembly (1883ms)
		BeginReloadAssembly (264ms)
			ExecutionOrderSort (0ms)
			DisableScriptedObjects (20ms)
			BackupInstance (0ms)
			ReleaseScriptingObjects (0ms)
			CreateAndSetChildDomain (98ms)
		EndReloadAssembly (1537ms)
			LoadAssemblies (168ms)
			RebuildTransferFunctionScriptingTraits (0ms)
			SetupTypeCache (676ms)
			ReleaseScriptCaches (1ms)
			RebuildScriptCaches (85ms)
			SetupLoadedEditorAssemblies (458ms)
				LogAssemblyErrors (0ms)
				InitializePlatformSupportModulesInManaged (9ms)
				SetLoadedEditorAssemblies (0ms)
				RefreshPlugins (1ms)
				BeforeProcessingInitializeOnLoad (107ms)
				ProcessInitializeOnLoadAttributes (300ms)
				ProcessInitializeOnLoadMethodAttributes (35ms)
				AfterProcessingInitializeOnLoad (2ms)
				EditorAssembliesLoaded (4ms)
			ExecutionOrderSort2 (0ms)
			AwakeInstancesAfterBackupRestoration (11ms)
Platform modules already initialized, skipping
Refreshing native plugins compatible for Editor in 0.50 ms, found 3 plugins.
Preloading 0 native plugins for Editor in 0.00 ms.
Unloading 2203 Unused Serialized files (Serialized files now loaded: 0)
System memory in use before: 100.5 MB.
System memory in use after: 100.5 MB.

Unloading 20 unused Assets to reduce memory usage. Loaded Objects now: 2674.
Total: 7.047900 ms (FindLiveObjects: 0.158100 ms CreateObjectMapping: 0.082500 ms MarkObjects: 6.683100 ms  DeleteObjects: 0.123200 ms)

AssetImportParameters requested are different than current active one (requested -> active):
  custom:framework-win-MediaFoundation: 216162199b28c13a410421893ffa2e32 -> 
  custom:video-decoder-ogg-theora: a1e56fd34408186e4bbccfd4996cb3dc -> 
  custom:container-muxer-webm: aa71ff27fc2769a1b78a27578f13a17b -> 
  custom:container-demuxer-webm: 4f35f7cbe854078d1ac9338744f61a02 -> 
  custom:container-demuxer-ogg: 62fdf1f143b41e24485cea50d1cbac27 -> 
  custom:video-encoder-webm-vp8: eb34c28f22e8b96e1ab97ce403110664 -> 
  custom:video-decoder-webm-vp8: 9c59270c3fd7afecdb556c50c9e8de78 -> 
  custom:audio-decoder-ogg-vorbis: bf7c407c2cedff20999df2af8eb42d56 -> 
  custom:audio-encoder-webm-vorbis: bf7c407c2cedff20999df2af8eb42d56 -> 
========================================================================
Received Import Request.
  Time since last request: 41.970399 seconds.
  path: Assets/Building .prefab
  artifactKey: Guid(2f366cd3785635047a2eecd6a1511496) Importer(815301076,1909f56bfc062723c751e8b465ee728b)
Start importing Assets/Building .prefab using Guid(2f366cd3785635047a2eecd6a1511496) Importer(815301076,1909f56bfc062723c751e8b465ee728b)  -> (artifact id: '7fda15a13c57a3f2fbeecb8ad394f464') in 0.101997 seconds 
========================================================================
Received Import Request.
  Time since last request: 0.000167 seconds.
  path: Assets/MergeBlock_2.prefab
  artifactKey: Guid(2684d3cc7d2dbfe4a934121697f094fc) Importer(815301076,1909f56bfc062723c751e8b465ee728b)
Start importing Assets/MergeBlock_2.prefab using Guid(2684d3cc7d2dbfe4a934121697f094fc) Importer(815301076,1909f56bfc062723c751e8b465ee728b)  -> (artifact id: '83d9196163163735a2d32ad43b270138') in 0.024793 seconds 
========================================================================
Received Import Request.
  Time since last request: 0.000176 seconds.
  path: Assets/MergeBlock.prefab
  artifactKey: Guid(ea06177b7bc0b804a9cae5234c26a926) Importer(815301076,1909f56bfc062723c751e8b465ee728b)
Start importing Assets/MergeBlock.prefab using Guid(ea06177b7bc0b804a9cae5234c26a926) Importer(815301076,1909f56bfc062723c751e8b465ee728b)  -> (artifact id: 'b812af41ed1f2496ee807a399a56f1f4') in 0.032202 seconds 
========================================================================
Received Import Request.
  Time since last request: 0.000196 seconds.
  path: Assets/MergeBlock_3.prefab
  artifactKey: Guid(ea73e33d8af3b144798d56463d74bf0f) Importer(815301076,1909f56bfc062723c751e8b465ee728b)
Start importing Assets/MergeBlock_3.prefab using Guid(ea73e33d8af3b144798d56463d74bf0f) Importer(815301076,1909f56bfc062723c751e8b465ee728b)  -> (artifact id: '13f2ed90408e8a71dcd417f809327ccd') in 0.022939 seconds 
========================================================================
Received Import Request.
  Time since last request: 8.819081 seconds.
  path: Assets/Building .prefab
  artifactKey: Guid(2f366cd3785635047a2eecd6a1511496) Importer(815301076,1909f56bfc062723c751e8b465ee728b)
Start importing Assets/Building .prefab using Guid(2f366cd3785635047a2eecd6a1511496) Importer(815301076,1909f56bfc062723c751e8b465ee728b)  -> (artifact id: '2e9f55752cf7f5d597de5c0319b24d76') in 0.031303 seconds 
========================================================================
Received Import Request.
  Time since last request: 2.784722 seconds.
  path: Assets/Building .prefab
  artifactKey: Guid(2f366cd3785635047a2eecd6a1511496) Importer(815301076,1909f56bfc062723c751e8b465ee728b)
Start importing Assets/Building .prefab using Guid(2f366cd3785635047a2eecd6a1511496) Importer(815301076,1909f56bfc062723c751e8b465ee728b)  -> (artifact id: '831f51876c3e16a1da3398b9a6334d99') in 0.039467 seconds 
========================================================================
Received Import Request.
  Time since last request: 1.765220 seconds.
  path: Assets/GridData.cs
  artifactKey: Guid(9ccebeac2d8bcef43889a0675522aa0a) Importer(815301076,1909f56bfc062723c751e8b465ee728b)
Start importing Assets/GridData.cs using Guid(9ccebeac2d8bcef43889a0675522aa0a) Importer(815301076,1909f56bfc062723c751e8b465ee728b)  -> (artifact id: '344b3601a442a96f7bef92efd76baf71') in 0.001717 seconds 
========================================================================
Received Prepare
Registering precompiled user dll's ...
Registered in 0.001496 seconds.
Begin MonoManager ReloadAssembly
Native extension for WindowsStandalone target not found
Native extension for WebGL target not found
Refreshing native plugins compatible for Editor in 0.51 ms, found 3 plugins.
Preloading 0 native plugins for Editor in 0.00 ms.
Mono: successfully reloaded assembly
- Completed reload, in  1.647 seconds
Domain Reload Profiling:
	ReloadAssembly (1648ms)
		BeginReloadAssembly (187ms)
			ExecutionOrderSort (0ms)
			DisableScriptedObjects (13ms)
			BackupInstance (0ms)
			ReleaseScriptingObjects (0ms)
			CreateAndSetChildDomain (58ms)
		EndReloadAssembly (1300ms)
			LoadAssemblies (197ms)
			RebuildTransferFunctionScriptingTraits (0ms)
			SetupTypeCache (501ms)
			ReleaseScriptCaches (1ms)
			RebuildScriptCaches (66ms)
			SetupLoadedEditorAssemblies (422ms)
				LogAssemblyErrors (0ms)
				InitializePlatformSupportModulesInManaged (5ms)
				SetLoadedEditorAssemblies (4ms)
				RefreshPlugins (1ms)
				BeforeProcessingInitializeOnLoad (107ms)
				ProcessInitializeOnLoadAttributes (286ms)
				ProcessInitializeOnLoadMethodAttributes (16ms)
				AfterProcessingInitializeOnLoad (2ms)
				EditorAssembliesLoaded (0ms)
			ExecutionOrderSort2 (0ms)
			AwakeInstancesAfterBackupRestoration (16ms)
Platform modules already initialized, skipping
Refreshing native plugins compatible for Editor in 0.46 ms, found 3 plugins.
Preloading 0 native plugins for Editor in 0.00 ms.
Unloading 2203 Unused Serialized files (Serialized files now loaded: 0)
System memory in use before: 100.5 MB.
System memory in use after: 100.5 MB.

Unloading 20 unused Assets to reduce memory usage. Loaded Objects now: 2678.
Total: 3.371100 ms (FindLiveObjects: 0.191500 ms CreateObjectMapping: 0.095300 ms MarkObjects: 2.937900 ms  DeleteObjects: 0.145700 ms)

AssetImportParameters requested are different than current active one (requested -> active):
  custom:framework-win-MediaFoundation: 216162199b28c13a410421893ffa2e32 -> 
  custom:video-decoder-ogg-theora: a1e56fd34408186e4bbccfd4996cb3dc -> 
  custom:container-muxer-webm: aa71ff27fc2769a1b78a27578f13a17b -> 
  custom:container-demuxer-webm: 4f35f7cbe854078d1ac9338744f61a02 -> 
  custom:container-demuxer-ogg: 62fdf1f143b41e24485cea50d1cbac27 -> 
  custom:video-encoder-webm-vp8: eb34c28f22e8b96e1ab97ce403110664 -> 
  custom:video-decoder-webm-vp8: 9c59270c3fd7afecdb556c50c9e8de78 -> 
  custom:audio-decoder-ogg-vorbis: bf7c407c2cedff20999df2af8eb42d56 -> 
  custom:audio-encoder-webm-vorbis: bf7c407c2cedff20999df2af8eb42d56 -> 
========================================================================
Received Import Request.
  Time since last request: 29.867452 seconds.
  path: Assets/Building .prefab
  artifactKey: Guid(2f366cd3785635047a2eecd6a1511496) Importer(815301076,1909f56bfc062723c751e8b465ee728b)
Start importing Assets/Building .prefab using Guid(2f366cd3785635047a2eecd6a1511496) Importer(815301076,1909f56bfc062723c751e8b465ee728b)  -> (artifact id: 'f322427214266317ac6d7a82f47740e6') in 0.078779 seconds 
========================================================================
Received Prepare
Registering precompiled user dll's ...
Registered in 0.001586 seconds.
Begin MonoManager ReloadAssembly
Native extension for WindowsStandalone target not found
Native extension for WebGL target not found
Refreshing native plugins compatible for Editor in 0.47 ms, found 3 plugins.
Preloading 0 native plugins for Editor in 0.00 ms.
Mono: successfully reloaded assembly
- Completed reload, in  1.708 seconds
Domain Reload Profiling:
	ReloadAssembly (1708ms)
		BeginReloadAssembly (159ms)
			ExecutionOrderSort (0ms)
			DisableScriptedObjects (12ms)
			BackupInstance (0ms)
			ReleaseScriptingObjects (0ms)
			CreateAndSetChildDomain (48ms)
		EndReloadAssembly (1413ms)
			LoadAssemblies (172ms)
			RebuildTransferFunctionScriptingTraits (0ms)
			SetupTypeCache (403ms)
			ReleaseScriptCaches (2ms)
			RebuildScriptCaches (141ms)
			SetupLoadedEditorAssemblies (511ms)
				LogAssemblyErrors (0ms)
				InitializePlatformSupportModulesInManaged (29ms)
				SetLoadedEditorAssemblies (1ms)
				RefreshPlugins (1ms)
				BeforeProcessingInitializeOnLoad (114ms)
				ProcessInitializeOnLoadAttributes (343ms)
				ProcessInitializeOnLoadMethodAttributes (18ms)
				AfterProcessingInitializeOnLoad (5ms)
				EditorAssembliesLoaded (0ms)
			ExecutionOrderSort2 (0ms)
			AwakeInstancesAfterBackupRestoration (9ms)
Platform modules already initialized, skipping
Refreshing native plugins compatible for Editor in 0.46 ms, found 3 plugins.
Preloading 0 native plugins for Editor in 0.00 ms.
Unloading 2203 Unused Serialized files (Serialized files now loaded: 0)
System memory in use before: 100.5 MB.
System memory in use after: 100.5 MB.

Unloading 20 unused Assets to reduce memory usage. Loaded Objects now: 2682.
Total: 3.063600 ms (FindLiveObjects: 0.162300 ms CreateObjectMapping: 0.177700 ms MarkObjects: 2.590900 ms  DeleteObjects: 0.131800 ms)

AssetImportParameters requested are different than current active one (requested -> active):
  custom:framework-win-MediaFoundation: 216162199b28c13a410421893ffa2e32 -> 
  custom:video-decoder-ogg-theora: a1e56fd34408186e4bbccfd4996cb3dc -> 
  custom:container-muxer-webm: aa71ff27fc2769a1b78a27578f13a17b -> 
  custom:container-demuxer-webm: 4f35f7cbe854078d1ac9338744f61a02 -> 
  custom:container-demuxer-ogg: 62fdf1f143b41e24485cea50d1cbac27 -> 
  custom:video-encoder-webm-vp8: eb34c28f22e8b96e1ab97ce403110664 -> 
  custom:video-decoder-webm-vp8: 9c59270c3fd7afecdb556c50c9e8de78 -> 
  custom:audio-decoder-ogg-vorbis: bf7c407c2cedff20999df2af8eb42d56 -> 
  custom:audio-encoder-webm-vorbis: bf7c407c2cedff20999df2af8eb42d56 -> 
========================================================================
Received Prepare
Registering precompiled user dll's ...
Registered in 0.001820 seconds.
Begin MonoManager ReloadAssembly
Native extension for WindowsStandalone target not found
Native extension for WebGL target not found
Refreshing native plugins compatible for Editor in 0.46 ms, found 3 plugins.
Preloading 0 native plugins for Editor in 0.00 ms.
Mono: successfully reloaded assembly
- Completed reload, in  1.456 seconds
Domain Reload Profiling:
	ReloadAssembly (1460ms)
		BeginReloadAssembly (211ms)
			ExecutionOrderSort (0ms)
			DisableScriptedObjects (23ms)
			BackupInstance (0ms)
			ReleaseScriptingObjects (0ms)
			CreateAndSetChildDomain (64ms)
		EndReloadAssembly (1167ms)
			LoadAssemblies (184ms)
			RebuildTransferFunctionScriptingTraits (0ms)
			SetupTypeCache (365ms)
			ReleaseScriptCaches (1ms)
			RebuildScriptCaches (62ms)
			SetupLoadedEditorAssemblies (423ms)
				LogAssemblyErrors (0ms)
				InitializePlatformSupportModulesInManaged (6ms)
				SetLoadedEditorAssemblies (1ms)
				RefreshPlugins (1ms)
				BeforeProcessingInitializeOnLoad (107ms)
				ProcessInitializeOnLoadAttributes (284ms)
				ProcessInitializeOnLoadMethodAttributes (22ms)
				AfterProcessingInitializeOnLoad (3ms)
				EditorAssembliesLoaded (0ms)
			ExecutionOrderSort2 (0ms)
			AwakeInstancesAfterBackupRestoration (19ms)
Platform modules already initialized, skipping
Refreshing native plugins compatible for Editor in 0.47 ms, found 3 plugins.
Preloading 0 native plugins for Editor in 0.00 ms.
Unloading 2203 Unused Serialized files (Serialized files now loaded: 0)
System memory in use before: 100.6 MB.
System memory in use after: 100.5 MB.

Unloading 20 unused Assets to reduce memory usage. Loaded Objects now: 2685.
Total: 3.247800 ms (FindLiveObjects: 0.305600 ms CreateObjectMapping: 0.106700 ms MarkObjects: 2.672900 ms  DeleteObjects: 0.161900 ms)

AssetImportParameters requested are different than current active one (requested -> active):
  custom:framework-win-MediaFoundation: 216162199b28c13a410421893ffa2e32 -> 
  custom:video-decoder-ogg-theora: a1e56fd34408186e4bbccfd4996cb3dc -> 
  custom:container-muxer-webm: aa71ff27fc2769a1b78a27578f13a17b -> 
  custom:container-demuxer-webm: 4f35f7cbe854078d1ac9338744f61a02 -> 
  custom:container-demuxer-ogg: 62fdf1f143b41e24485cea50d1cbac27 -> 
  custom:video-encoder-webm-vp8: eb34c28f22e8b96e1ab97ce403110664 -> 
  custom:video-decoder-webm-vp8: 9c59270c3fd7afecdb556c50c9e8de78 -> 
  custom:audio-decoder-ogg-vorbis: bf7c407c2cedff20999df2af8eb42d56 -> 
  custom:audio-encoder-webm-vorbis: bf7c407c2cedff20999df2af8eb42d56 -> 
========================================================================
Received Prepare
Registering precompiled user dll's ...
Registered in 0.001510 seconds.
Begin MonoManager ReloadAssembly
Native extension for WindowsStandalone target not found
Native extension for WebGL target not found
Refreshing native plugins compatible for Editor in 0.48 ms, found 3 plugins.
Preloading 0 native plugins for Editor in 0.00 ms.
Mono: successfully reloaded assembly
- Completed reload, in  1.565 seconds
Domain Reload Profiling:
	ReloadAssembly (1565ms)
		BeginReloadAssembly (147ms)
			ExecutionOrderSort (0ms)
			DisableScriptedObjects (10ms)
			BackupInstance (0ms)
			ReleaseScriptingObjects (0ms)
			CreateAndSetChildDomain (43ms)
		EndReloadAssembly (1333ms)
			LoadAssemblies (138ms)
			RebuildTransferFunctionScriptingTraits (0ms)
			SetupTypeCache (599ms)
			ReleaseScriptCaches (1ms)
			RebuildScriptCaches (76ms)
			SetupLoadedEditorAssemblies (384ms)
				LogAssemblyErrors (0ms)
				InitializePlatformSupportModulesInManaged (9ms)
				SetLoadedEditorAssemblies (1ms)
				RefreshPlugins (1ms)
				BeforeProcessingInitializeOnLoad (97ms)
				ProcessInitializeOnLoadAttributes (254ms)
				ProcessInitializeOnLoadMethodAttributes (19ms)
				AfterProcessingInitializeOnLoad (2ms)
				EditorAssembliesLoaded (0ms)
			ExecutionOrderSort2 (0ms)
			AwakeInstancesAfterBackupRestoration (16ms)
Platform modules already initialized, skipping
Refreshing native plugins compatible for Editor in 0.47 ms, found 3 plugins.
Preloading 0 native plugins for Editor in 0.00 ms.
Unloading 2203 Unused Serialized files (Serialized files now loaded: 0)
System memory in use before: 100.6 MB.
System memory in use after: 100.5 MB.

Unloading 20 unused Assets to reduce memory usage. Loaded Objects now: 2688.
Total: 3.392300 ms (FindLiveObjects: 0.170100 ms CreateObjectMapping: 0.090900 ms MarkObjects: 3.009800 ms  DeleteObjects: 0.120400 ms)

AssetImportParameters requested are different than current active one (requested -> active):
  custom:framework-win-MediaFoundation: 216162199b28c13a410421893ffa2e32 -> 
  custom:video-decoder-ogg-theora: a1e56fd34408186e4bbccfd4996cb3dc -> 
  custom:container-muxer-webm: aa71ff27fc2769a1b78a27578f13a17b -> 
  custom:container-demuxer-webm: 4f35f7cbe854078d1ac9338744f61a02 -> 
  custom:container-demuxer-ogg: 62fdf1f143b41e24485cea50d1cbac27 -> 
  custom:video-encoder-webm-vp8: eb34c28f22e8b96e1ab97ce403110664 -> 
  custom:video-decoder-webm-vp8: 9c59270c3fd7afecdb556c50c9e8de78 -> 
  custom:audio-decoder-ogg-vorbis: bf7c407c2cedff20999df2af8eb42d56 -> 
  custom:audio-encoder-webm-vorbis: bf7c407c2cedff20999df2af8eb42d56 -> 
========================================================================
Received Import Request.
  Time since last request: 272.201463 seconds.
  path: Assets/Building .prefab
  artifactKey: Guid(2f366cd3785635047a2eecd6a1511496) Importer(815301076,1909f56bfc062723c751e8b465ee728b)
Start importing Assets/Building .prefab using Guid(2f366cd3785635047a2eecd6a1511496) Importer(815301076,1909f56bfc062723c751e8b465ee728b)  -> (artifact id: 'af4eb3f959cbf8050b7071f54a9d8206') in 0.166793 seconds 
========================================================================
Received Import Request.
  Time since last request: 3.149936 seconds.
  path: Assets/Building .prefab
  artifactKey: Guid(2f366cd3785635047a2eecd6a1511496) Importer(815301076,1909f56bfc062723c751e8b465ee728b)
Start importing Assets/Building .prefab using Guid(2f366cd3785635047a2eecd6a1511496) Importer(815301076,1909f56bfc062723c751e8b465ee728b)  -> (artifact id: 'c4d916ce25709418fbe3e33a430414cb') in 0.042027 seconds 
========================================================================
Received Prepare
Registering precompiled user dll's ...
Registered in 0.001525 seconds.
Begin MonoManager ReloadAssembly
Native extension for WindowsStandalone target not found
Native extension for WebGL target not found
Refreshing native plugins compatible for Editor in 0.50 ms, found 3 plugins.
Preloading 0 native plugins for Editor in 0.00 ms.
Mono: successfully reloaded assembly
- Completed reload, in  1.542 seconds
Domain Reload Profiling:
	ReloadAssembly (1543ms)
		BeginReloadAssembly (175ms)
			ExecutionOrderSort (0ms)
			DisableScriptedObjects (11ms)
			BackupInstance (0ms)
			ReleaseScriptingObjects (0ms)
			CreateAndSetChildDomain (52ms)
		EndReloadAssembly (1284ms)
			LoadAssemblies (137ms)
			RebuildTransferFunctionScriptingTraits (0ms)
			SetupTypeCache (543ms)
			ReleaseScriptCaches (1ms)
			RebuildScriptCaches (68ms)
			SetupLoadedEditorAssemblies (404ms)
				LogAssemblyErrors (0ms)
				InitializePlatformSupportModulesInManaged (8ms)
				SetLoadedEditorAssemblies (1ms)
				RefreshPlugins (1ms)
				BeforeProcessingInitializeOnLoad (97ms)
				ProcessInitializeOnLoadAttributes (277ms)
				ProcessInitializeOnLoadMethodAttributes (19ms)
				AfterProcessingInitializeOnLoad (2ms)
				EditorAssembliesLoaded (0ms)
			ExecutionOrderSort2 (0ms)
			AwakeInstancesAfterBackupRestoration (12ms)
Platform modules already initialized, skipping
Refreshing native plugins compatible for Editor in 0.47 ms, found 3 plugins.
Preloading 0 native plugins for Editor in 0.00 ms.
Unloading 2203 Unused Serialized files (Serialized files now loaded: 0)
System memory in use before: 100.6 MB.
System memory in use after: 100.6 MB.

Unloading 20 unused Assets to reduce memory usage. Loaded Objects now: 2692.
Total: 2.975100 ms (FindLiveObjects: 0.159600 ms CreateObjectMapping: 0.085300 ms MarkObjects: 2.587000 ms  DeleteObjects: 0.142300 ms)

AssetImportParameters requested are different than current active one (requested -> active):
  custom:framework-win-MediaFoundation: 216162199b28c13a410421893ffa2e32 -> 
  custom:video-decoder-ogg-theora: a1e56fd34408186e4bbccfd4996cb3dc -> 
  custom:container-muxer-webm: aa71ff27fc2769a1b78a27578f13a17b -> 
  custom:container-demuxer-webm: 4f35f7cbe854078d1ac9338744f61a02 -> 
  custom:container-demuxer-ogg: 62fdf1f143b41e24485cea50d1cbac27 -> 
  custom:video-encoder-webm-vp8: eb34c28f22e8b96e1ab97ce403110664 -> 
  custom:video-decoder-webm-vp8: 9c59270c3fd7afecdb556c50c9e8de78 -> 
  custom:audio-decoder-ogg-vorbis: bf7c407c2cedff20999df2af8eb42d56 -> 
  custom:audio-encoder-webm-vorbis: bf7c407c2cedff20999df2af8eb42d56 -> 
========================================================================
Received Import Request.
  Time since last request: 40.299552 seconds.
  path: Assets/BuildingData.cs
  artifactKey: Guid(70fe41935f758bd43b127c228026e0d4) Importer(815301076,1909f56bfc062723c751e8b465ee728b)
Start importing Assets/BuildingData.cs using Guid(70fe41935f758bd43b127c228026e0d4) Importer(815301076,1909f56bfc062723c751e8b465ee728b)  -> (artifact id: '4fe56711a89f2828d184f197ec87ec5e') in 0.004802 seconds 
========================================================================
Received Import Request.
  Time since last request: 3.651133 seconds.
  path: Assets/PlaceBuildingsOnGrid.cs
  artifactKey: Guid(07094a79a21c34c4798431bea097fa76) Importer(815301076,1909f56bfc062723c751e8b465ee728b)
Start importing Assets/PlaceBuildingsOnGrid.cs using Guid(07094a79a21c34c4798431bea097fa76) Importer(815301076,1909f56bfc062723c751e8b465ee728b)  -> (artifact id: '1d9d70c92a8a978027198a2c74b889a7') in 0.004330 seconds 
========================================================================
Received Prepare
Registering precompiled user dll's ...
Registered in 0.001556 seconds.
Begin MonoManager ReloadAssembly
Native extension for WindowsStandalone target not found
Native extension for WebGL target not found
Refreshing native plugins compatible for Editor in 5.54 ms, found 3 plugins.
Preloading 0 native plugins for Editor in 0.00 ms.
Mono: successfully reloaded assembly
- Completed reload, in  1.585 seconds
Domain Reload Profiling:
	ReloadAssembly (1585ms)
		BeginReloadAssembly (158ms)
			ExecutionOrderSort (0ms)
			DisableScriptedObjects (7ms)
			BackupInstance (0ms)
			ReleaseScriptingObjects (0ms)
			CreateAndSetChildDomain (55ms)
		EndReloadAssembly (1341ms)
			LoadAssemblies (146ms)
			RebuildTransferFunctionScriptingTraits (0ms)
			SetupTypeCache (447ms)
			ReleaseScriptCaches (5ms)
			RebuildScriptCaches (83ms)
			SetupLoadedEditorAssemblies (465ms)
				LogAssemblyErrors (0ms)
				InitializePlatformSupportModulesInManaged (6ms)
				SetLoadedEditorAssemblies (1ms)
				RefreshPlugins (6ms)
				BeforeProcessingInitializeOnLoad (115ms)
				ProcessInitializeOnLoadAttributes (317ms)
				ProcessInitializeOnLoadMethodAttributes (18ms)
				AfterProcessingInitializeOnLoad (2ms)
				EditorAssembliesLoaded (0ms)
			ExecutionOrderSort2 (0ms)
			AwakeInstancesAfterBackupRestoration (12ms)
Platform modules already initialized, skipping
Refreshing native plugins compatible for Editor in 0.50 ms, found 3 plugins.
Preloading 0 native plugins for Editor in 0.00 ms.
Unloading 2201 Unused Serialized files (Serialized files now loaded: 0)
System memory in use before: 100.7 MB.
System memory in use after: 100.6 MB.

Unloading 22 unused Assets to reduce memory usage. Loaded Objects now: 2693.
Total: 3.420900 ms (FindLiveObjects: 0.148900 ms CreateObjectMapping: 0.073600 ms MarkObjects: 3.007600 ms  DeleteObjects: 0.189900 ms)

AssetImportParameters requested are different than current active one (requested -> active):
  custom:framework-win-MediaFoundation: 216162199b28c13a410421893ffa2e32 -> 
  custom:video-decoder-ogg-theora: a1e56fd34408186e4bbccfd4996cb3dc -> 
  custom:container-muxer-webm: aa71ff27fc2769a1b78a27578f13a17b -> 
  custom:container-demuxer-webm: 4f35f7cbe854078d1ac9338744f61a02 -> 
  custom:container-demuxer-ogg: 62fdf1f143b41e24485cea50d1cbac27 -> 
  custom:video-encoder-webm-vp8: eb34c28f22e8b96e1ab97ce403110664 -> 
  custom:video-decoder-webm-vp8: 9c59270c3fd7afecdb556c50c9e8de78 -> 
  custom:audio-decoder-ogg-vorbis: bf7c407c2cedff20999df2af8eb42d56 -> 
  custom:audio-encoder-webm-vorbis: bf7c407c2cedff20999df2af8eb42d56 -> 
========================================================================
Received Import Request.
  Time since last request: 6.583880 seconds.
  path: Assets/Building .prefab
  artifactKey: Guid(2f366cd3785635047a2eecd6a1511496) Importer(815301076,1909f56bfc062723c751e8b465ee728b)
Start importing Assets/Building .prefab using Guid(2f366cd3785635047a2eecd6a1511496) Importer(815301076,1909f56bfc062723c751e8b465ee728b)  -> (artifact id: '3f03740ba4095b412d6c2ceb69e237bb') in 0.096887 seconds 
========================================================================
Received Prepare
Registering precompiled user dll's ...
Registered in 0.001784 seconds.
Begin MonoManager ReloadAssembly
Native extension for WindowsStandalone target not found
Native extension for WebGL target not found
Refreshing native plugins compatible for Editor in 0.47 ms, found 3 plugins.
Preloading 0 native plugins for Editor in 0.00 ms.
Mono: successfully reloaded assembly
- Completed reload, in  1.313 seconds
Domain Reload Profiling:
	ReloadAssembly (1314ms)
		BeginReloadAssembly (123ms)
			ExecutionOrderSort (0ms)
			DisableScriptedObjects (6ms)
			BackupInstance (0ms)
			ReleaseScriptingObjects (0ms)
			CreateAndSetChildDomain (42ms)
		EndReloadAssembly (1122ms)
			LoadAssemblies (102ms)
			RebuildTransferFunctionScriptingTraits (0ms)
			SetupTypeCache (450ms)
			ReleaseScriptCaches (1ms)
			RebuildScriptCaches (60ms)
			SetupLoadedEditorAssemblies (383ms)
				LogAssemblyErrors (0ms)
				InitializePlatformSupportModulesInManaged (6ms)
				SetLoadedEditorAssemblies (1ms)
				RefreshPlugins (1ms)
				BeforeProcessingInitializeOnLoad (104ms)
				ProcessInitializeOnLoadAttributes (256ms)
				ProcessInitializeOnLoadMethodAttributes (12ms)
				AfterProcessingInitializeOnLoad (4ms)
				EditorAssembliesLoaded (0ms)
			ExecutionOrderSort2 (0ms)
			AwakeInstancesAfterBackupRestoration (9ms)
Platform modules already initialized, skipping
Refreshing native plugins compatible for Editor in 0.46 ms, found 3 plugins.
Preloading 0 native plugins for Editor in 0.00 ms.
Unloading 2201 Unused Serialized files (Serialized files now loaded: 0)
System memory in use before: 100.7 MB.
System memory in use after: 100.6 MB.

Unloading 20 unused Assets to reduce memory usage. Loaded Objects now: 2697.
Total: 2.935300 ms (FindLiveObjects: 0.185600 ms CreateObjectMapping: 0.094600 ms MarkObjects: 2.493200 ms  DeleteObjects: 0.161000 ms)

AssetImportParameters requested are different than current active one (requested -> active):
  custom:framework-win-MediaFoundation: 216162199b28c13a410421893ffa2e32 -> 
  custom:video-decoder-ogg-theora: a1e56fd34408186e4bbccfd4996cb3dc -> 
  custom:container-muxer-webm: aa71ff27fc2769a1b78a27578f13a17b -> 
  custom:container-demuxer-webm: 4f35f7cbe854078d1ac9338744f61a02 -> 
  custom:container-demuxer-ogg: 62fdf1f143b41e24485cea50d1cbac27 -> 
  custom:video-encoder-webm-vp8: eb34c28f22e8b96e1ab97ce403110664 -> 
  custom:video-decoder-webm-vp8: 9c59270c3fd7afecdb556c50c9e8de78 -> 
  custom:audio-decoder-ogg-vorbis: bf7c407c2cedff20999df2af8eb42d56 -> 
  custom:audio-encoder-webm-vorbis: bf7c407c2cedff20999df2af8eb42d56 -> 
AssetImportWorkerClient::OnTransportError - code=2 error=End of file
